make.exe all --print-data-base --no-builtin-variables --no-builtin-rules --question
make.exe: *** No rule to make target 'src/minishell.o', needed by 'minishell'.  Stop.

# GNU Make 4.2.1
# Built for Windows32
# Copyright (C) 1988-2016 Free Software Foundation, Inc.
# License GPLv3+: GNU GPL version 3 or later <http://gnu.org/licenses/gpl.html>
# This is free software: you are free to change and redistribute it.
# There is NO WARRANTY, to the extent permitted by law.

# Make data base, printed on Wed Jul 27 23:16:49 2022

# Variables

# 'override' directive
GNUMAKEFLAGS := 
# automatic
<D = $(patsubst %/,%,$(patsubst %\,%,$(dir $<)))
# automatic
?F = $(notdir $?)
# default
.SHELLFLAGS := -c
# makefile
MAKEFLAGS = pqrR
# automatic
?D = $(patsubst %/,%,$(patsubst %\,%,$(dir $?)))
# automatic
@D = $(patsubst %/,%,$(patsubst %\,%,$(dir $@)))
# environment
HOMEDRIVE = C:
# automatic
@F = $(notdir $@)
# automatic
^D = $(patsubst %/,%,$(patsubst %\,%,$(dir $^)))
# makefile
CURDIR := c:/Users/qsus/Desktop/minishell
# default
SHELL := sh.exe
# environment
WINDIR = C:\WINDOWS
# environment
VSCODE_NLS_CONFIG = {"locale":"fr","availableLanguages":{"*":"fr"},"_languagePackId":"8e1a08857df44efaeace20a1f4372f40.fr","_translationsConfigFile":"C:\\Users\\qsus\\AppData\\Roaming\\Code\\clp\\8e1a08857df44efaeace20a1f4372f40.fr\\tcf.json","_cacheRoot":"C:\\Users\\qsus\\AppData\\Roaming\\Code\\clp\\8e1a08857df44efaeace20a1f4372f40.fr","_resolvedLanguagePackCoreLocation":"C:\\Users\\qsus\\AppData\\Roaming\\Code\\clp\\8e1a08857df44efaeace20a1f4372f40.fr\\3b889b090b5ad5793f524b5d1d39fda662b96a2a","_corruptedFile":"C:\\Users\\qsus\\AppData\\Roaming\\Code\\clp\\8e1a08857df44efaeace20a1f4372f40.fr\\corrupted.info","_languagePackSupport":true}
# environment
VBOX_MSI_INSTALL_PATH = C:\Program Files\Oracle\VirtualBox\
# environment
ONEDRIVE = C:\Users\qsus\OneDrive
# environment
PUBLIC = C:\Users\Public
# environment
PATHEXT = .COM;.EXE;.BAT;.CMD;.VBS;.VBE;.JS;.JSE;.WSF;.WSH;.MSC;.PY;.PYW
# makefile (from 'Makefile', line 1)
MAKEFILE_LIST :=  Makefile
# environment
TMP = C:\Users\qsus\AppData\Local\Temp
# makefile (from 'Makefile', line 4)
W = -Wall -Wextra -Werror
# environment
PROGRAMW6432 = C:\Program Files
# makefile (from 'Makefile', line 7)
OBJS = $(SRCS:.c=.o)
# environment
PROGRAMDATA = C:\ProgramData
# environment
VSCODE_CWD = C:\Users\qsus\AppData\Local\Programs\Microsoft VS Code
# default
MAKE_HOST := Windows32
# environment
PATH = C:\Program Files\Python310\Scripts\;C:\Program Files\Python310\;C:\WINDOWS\system32;C:\WINDOWS;C:\WINDOWS\System32\Wbem;C:\WINDOWS\System32\WindowsPowerShell\v1.0\;C:\WINDOWS\System32\OpenSSH\;C:\altera\13.1\quartus\bin;C:\Program Files\PuTTY\;C:\Program Files\Git\cmd;C:\Program Files\Docker\Docker\resources\bin;C:\ProgramData\DockerDesktop\version-bin;C:\Program Files\nodejs\;C:\ProgramData\chocolatey\bin;C:\Users\qsus\AppData\Local\Microsoft\WindowsApps;C:\Users\qsus\AppData\Local\Programs\Microsoft VS Code\bin;C:\Users\qsus\Downloads\MinGW\bin;C:\altera\13.1\modelsim_ase\win32aloem;C:\Users\qsus\AppData\Local\GitHubDesktop\bin;C:\Users\qsus\AppData\Roaming\npm
# environment
COMMONPROGRAMW6432 = C:\Program Files\Common Files
# environment
ZES_ENABLE_SYSMAN = 1
# environment
CHOCOLATEYLASTPATHUPDATE = 132996012088114633
# environment
PROCESSOR_ARCHITECTURE = AMD64
# environment
USERPROFILE = C:\Users\qsus
# environment
CHOCOLATEYINSTALL = C:\ProgramData\chocolatey
# environment
ALLUSERSPROFILE = C:\ProgramData
# environment
SOPC_KIT_NIOS2 = C:\altera\13.1\nios2eds
# environment
NUMBER_OF_PROCESSORS = 8
# environment
ELECTRON_RUN_AS_NODE = 1
# default
.FEATURES := target-specific order-only second-expansion else-if shortest-stem undefine oneshell archives jobserver output-sync load
# automatic
%F = $(notdir $%)
# environment
CHROME_CRASHPAD_PIPE_NAME = \\.\pipe\crashpad_2264_ACNVDWVJGEFDZVQJ
# environment
COMPUTERNAME = DESKTOP-80CF510
# environment
PROGRAMFILES = C:\Program Files
# default
.LOADED := 
# environment
DRIVERDATA = C:\Windows\System32\Drivers\DriverData
# environment
ORIGINAL_XDG_CURRENT_DESKTOP = undefined
# environment
USERNAME = Chai
# environment
KMP_DUPLICATE_LIB_OK = TRUE
# environment
VSCODE_AMD_ENTRYPOINT = vs/workbench/api/node/extensionHostProcess
# environment
VSCODE_CODE_CACHE_PATH = C:\Users\qsus\AppData\Roaming\Code\CachedData\3b889b090b5ad5793f524b5d1d39fda662b96a2a
# environment
APPLICATION_INSIGHTS_NO_DIAGNOSTIC_CHANNEL = 1
# environment
COMMONPROGRAMFILES = C:\Program Files\Common Files
# environment
LOGONSERVER = \\DESKTOP-80CF510
# environment
ONEDRIVECONSUMER = C:\Users\qsus\OneDrive
# environment
VSCODE_HANDLES_UNCAUGHT_ERRORS = true
# environment
USERDOMAIN = DESKTOP-80CF510
# environment
MAKELEVEL := 0
# default
MAKE = $(MAKE_COMMAND)
# default
MAKECMDGOALS := all
# environment
QT_DEVICE_PIXEL_RATIO = auto
# makefile (from 'Makefile', line 5)
SRCS = ./src/minishell.c
# makefile (from 'Makefile', line 2)
CC = gcc
# default
MAKE_VERSION := 4.2.1
# makefile
.DEFAULT_GOAL := all
# makefile (from 'Makefile', line 3)
NAME = minishell
# environment
PROGRAMFILES(X86) = C:\Program Files (x86)
# automatic
%D = $(patsubst %/,%,$(patsubst %\,%,$(dir $%)))
# environment
LOCALAPPDATA = C:\Users\qsus\AppData\Local
# environment
PSMODULEPATH = C:\Program Files\WindowsPowerShell\Modules;C:\WINDOWS\system32\WindowsPowerShell\v1.0\Modules
# default
MAKE_COMMAND := make.exe
# default
.VARIABLES := 
# automatic
*F = $(notdir $*)
# environment
PROCESSOR_IDENTIFIER = Intel64 Family 6 Model 140 Stepping 1, GenuineIntel
# environment
OS = Windows_NT
# environment
VSCODE_IPC_HOOK = \\.\pipe\f3411d621c6021cd92ce21dc15d4b471-1.69.2-main-sock
# environment
HOMEPATH = \Users\qsus
# environment
COMMONPROGRAMFILES(X86) = C:\Program Files (x86)\Common Files
# environment
PROMPT = $P$G
# environment
MFLAGS = -pqrR
# automatic
*D = $(patsubst %/,%,$(patsubst %\,%,$(dir $*)))
# environment
PT8HOME = C:\Program Files\Cisco Packet Tracer 8.0.1
# environment
SYSTEMROOT = C:\WINDOWS
# automatic
+D = $(patsubst %/,%,$(patsubst %\,%,$(dir $+)))
# automatic
+F = $(notdir $+)
# environment
APPDATA = C:\Users\qsus\AppData\Roaming
# environment
TEMP = C:\Users\qsus\AppData\Local\Temp
# environment
COMSPEC = C:\WINDOWS\system32\cmd.exe
# default
MAKEFILES := 
# environment
QUARTUS_ROOTDIR = C:\altera\13.1\quartus
# automatic
<F = $(notdir $<)
# environment
MKL_SERIAL = YES
# environment
LC_ALL = C
# makefile (from 'Makefile', line 1)
HEADER = ./includes/minishell.h
# automatic
^F = $(notdir $^)
# default
SUFFIXES := 
# environment
SYSTEMDRIVE = C:
# environment
SESSIONNAME = Console
# environment
PROCESSOR_REVISION = 8c01
# default
.INCLUDE_DIRS = .
# default
.RECIPEPREFIX := 
# environment
LANG = C
# environment
PROCESSOR_LEVEL = 6
# environment
PT7HOME = C:\Program Files\Cisco Packet Tracer 7.3.0
# environment
VSCODE_PID = 2264
# environment
USERDOMAIN_ROAMINGPROFILE = DESKTOP-80CF510
# variable set hash-table stats:
# Load=104/1024=10%, Rehash=0, Collisions=19/131=15%

# Pattern-specific Variable Values

# No pattern-specific variable values.

# Directories

# . (key c:/Users/qsus/Desktop/minishell, mtime 1658844562): 7 files, no impossibilities.

# 7 files, no impossibilities in 1 directories.

# Implicit Rules

# No implicit rules.

# Files

all: minishell
#  Command line target.
#  Implicit rule search has been done.
#  File does not exist.
#  File has not been updated.

# Not a target:
Makefile:
#  Implicit rule search has been done.
#  Last modified 2022-07-25 20:52:35
#  File has been updated.
#  Successfully updated.

minishell: src/minishell.o includes/minishell.h
#  Implicit rule search has not been done.
#  File does not exist.
#  File has not been updated.
#  recipe to execute (from 'Makefile', line 12):
				$(CC) $(W) $(OBJS) -o $(NAME)

fclean: clean
#  Implicit rule search has not been done.
#  Modification time never checked.
#  File has not been updated.
#  recipe to execute (from 'Makefile', line 18):
				rm $(NAME)

# Not a target:
.DEFAULT:
#  Implicit rule search has not been done.
#  Modification time never checked.
#  File has not been updated.

re: fclean all
#  Implicit rule search has not been done.
#  Modification time never checked.
#  File has not been updated.

clean:
#  Implicit rule search has not been done.
#  Modification time never checked.
#  File has not been updated.
#  recipe to execute (from 'Makefile', line 15):
				rm -rf $(OBJS)

# Not a target:
src/minishell.o:
#  Implicit rule search has been done.
#  File does not exist.
#  File has not been updated.

# Not a target:
includes/minishell.h:
#  Implicit rule search has not been done.
#  Modification time never checked.
#  File has not been updated.

# files hash-table stats:
# Load=10/1024=1%, Rehash=0, Collisions=0/28=0%
# VPATH Search Paths

# No 'vpath' search paths.

# No general ('VPATH' variable) search path.

# strcache buffers: 1 (0) / strings = 16 / storage = 127 B / avg = 7 B
# current buf: size = 8162 B / used = 127 B / count = 16 / avg = 7 B

# strcache performance: lookups = 30 / hit rate = 46%
# hash-table stats:
# Load=16/8192=0%, Rehash=0, Collisions=1/30=3%
# Finished Make data base on Wed Jul 27 23:16:49 2022

 
